Start testing: Aug 01 14:48 CDT
----------------------------------------------------------
1/62 Testing: oep_repository_tests
1/62 Test: oep_repository_tests
Command: "/mnt/c/Users/david/OneDrive/Desktop/Projects/platform/oep_foundation/.scratch_build/wprep006/tests/repository/oep_repository_tests"
Directory: /mnt/c/Users/david/OneDrive/Desktop/Projects/platform/oep_foundation/.scratch_build/wprep006/tests/repository
"oep_repository_tests" start time: Aug 01 14:48 CDT
Output:
----------------------------------------------------------
All repository metadata tests passed.
<end of output>
Test time =   0.01 sec
----------------------------------------------------------
Test Passed.
"oep_repository_tests" end time: Aug 01 14:48 CDT
"oep_repository_tests" time elapsed: 00:00:00
----------------------------------------------------------

2/62 Testing: oep_engineering_object_tests
2/62 Test: oep_engineering_object_tests
Command: "/mnt/c/Users/david/OneDrive/Desktop/Projects/platform/oep_foundation/.scratch_build/wprep006/tests/repository/oep_engineering_object_tests"
Directory: /mnt/c/Users/david/OneDrive/Desktop/Projects/platform/oep_foundation/.scratch_build/wprep006/tests/repository
"oep_engineering_object_tests" start time: Aug 01 14:48 CDT
Output:
----------------------------------------------------------
All Engineering Object tests passed.
<end of output>
Test time =   1.12 sec
----------------------------------------------------------
Test Passed.
"oep_engineering_object_tests" end time: Aug 01 14:48 CDT
"oep_engineering_object_tests" time elapsed: 00:00:01
----------------------------------------------------------

3/62 Testing: oep_relationship_tests
3/62 Test: oep_relationship_tests
Command: "/mnt/c/Users/david/OneDrive/Desktop/Projects/platform/oep_foundation/.scratch_build/wprep006/tests/repository/oep_relationship_tests"
Directory: /mnt/c/Users/david/OneDrive/Desktop/Projects/platform/oep_foundation/.scratch_build/wprep006/tests/repository
"oep_relationship_tests" start time: Aug 01 14:48 CDT
Output:
----------------------------------------------------------
All relationship tests passed.
<end of output>
Test time =   0.03 sec
----------------------------------------------------------
Test Passed.
"oep_relationship_tests" end time: Aug 01 14:48 CDT
"oep_relationship_tests" time elapsed: 00:00:00
----------------------------------------------------------

4/62 Testing: oep_graph_engine_tests
4/62 Test: oep_graph_engine_tests
Command: "/mnt/c/Users/david/OneDrive/Desktop/Projects/platform/oep_foundation/.scratch_build/wprep006/tests/repository/oep_graph_engine_tests"
Directory: /mnt/c/Users/david/OneDrive/Desktop/Projects/platform/oep_foundation/.scratch_build/wprep006/tests/repository
"oep_graph_engine_tests" start time: Aug 01 14:48 CDT
Output:
----------------------------------------------------------
All graph engine tests passed.
<end of output>
Test time =   0.03 sec
----------------------------------------------------------
Test Passed.
"oep_graph_engine_tests" end time: Aug 01 14:48 CDT
"oep_graph_engine_tests" time elapsed: 00:00:00
----------------------------------------------------------

5/62 Testing: oep_audit_store_tests
5/62 Test: oep_audit_store_tests
Command: "/mnt/c/Users/david/OneDrive/Desktop/Projects/platform/oep_foundation/.scratch_build/wprep006/tests/repository/oep_audit_store_tests"
Directory: /mnt/c/Users/david/OneDrive/Desktop/Projects/platform/oep_foundation/.scratch_build/wprep006/tests/repository
"oep_audit_store_tests" start time: Aug 01 14:48 CDT
Output:
----------------------------------------------------------
All audit store tests passed.
<end of output>
Test time =   0.03 sec
----------------------------------------------------------
Test Passed.
"oep_audit_store_tests" end time: Aug 01 14:48 CDT
"oep_audit_store_tests" time elapsed: 00:00:00
----------------------------------------------------------

6/62 Testing: oep_batch_processor_tests
6/62 Test: oep_batch_processor_tests
Command: "/mnt/c/Users/david/OneDrive/Desktop/Projects/platform/oep_foundation/.scratch_build/wprep006/tests/repository/oep_batch_processor_tests"
Directory: /mnt/c/Users/david/OneDrive/Desktop/Projects/platform/oep_foundation/.scratch_build/wprep006/tests/repository
"oep_batch_processor_tests" start time: Aug 01 14:48 CDT
Output:
----------------------------------------------------------
All batch processor tests passed.
<end of output>
Test time =   0.03 sec
----------------------------------------------------------
Test Passed.
"oep_batch_processor_tests" end time: Aug 01 14:48 CDT
"oep_batch_processor_tests" time elapsed: 00:00:00
----------------------------------------------------------

7/62 Testing: oep_search_engine_tests
7/62 Test: oep_search_engine_tests
Command: "/mnt/c/Users/david/OneDrive/Desktop/Projects/platform/oep_foundation/.scratch_build/wprep006/tests/search/oep_search_engine_tests"
Directory: /mnt/c/Users/david/OneDrive/Desktop/Projects/platform/oep_foundation/.scratch_build/wprep006/tests/search
"oep_search_engine_tests" start time: Aug 01 14:48 CDT
Output:
----------------------------------------------------------
All search engine tests passed.
<end of output>
Test time =   0.02 sec
----------------------------------------------------------
Test Passed.
"oep_search_engine_tests" end time: Aug 01 14:48 CDT
"oep_search_engine_tests" time elapsed: 00:00:00
----------------------------------------------------------

8/62 Testing: oep_repository_validator_tests
8/62 Test: oep_repository_validator_tests
Command: "/mnt/c/Users/david/OneDrive/Desktop/Projects/platform/oep_foundation/.scratch_build/wprep006/tests/validation/oep_repository_validator_tests"
Directory: /mnt/c/Users/david/OneDrive/Desktop/Projects/platform/oep_foundation/.scratch_build/wprep006/tests/validation
"oep_repository_validator_tests" start time: Aug 01 14:48 CDT
Output:
----------------------------------------------------------
All repository validator tests passed.
<end of output>
Test time =   0.05 sec
----------------------------------------------------------
Test Passed.
"oep_repository_validator_tests" end time: Aug 01 14:48 CDT
"oep_repository_validator_tests" time elapsed: 00:00:00
----------------------------------------------------------

9/62 Testing: oep_package_manager_tests
9/62 Test: oep_package_manager_tests
Command: "/mnt/c/Users/david/OneDrive/Desktop/Projects/platform/oep_foundation/.scratch_build/wprep006/tests/packages/oep_package_manager_tests"
Directory: /mnt/c/Users/david/OneDrive/Desktop/Projects/platform/oep_foundation/.scratch_build/wprep006/tests/packages
"oep_package_manager_tests" start time: Aug 01 14:48 CDT
Output:
----------------------------------------------------------
All package manager tests passed.
<end of output>
Test time =   0.02 sec
----------------------------------------------------------
Test Passed.
"oep_package_manager_tests" end time: Aug 01 14:48 CDT
"oep_package_manager_tests" time elapsed: 00:00:00
----------------------------------------------------------

10/62 Testing: oep_repository_exporter_tests
10/62 Test: oep_repository_exporter_tests
Command: "/mnt/c/Users/david/OneDrive/Desktop/Projects/platform/oep_foundation/.scratch_build/wprep006/tests/archive/oep_repository_exporter_tests"
Directory: /mnt/c/Users/david/OneDrive/Desktop/Projects/platform/oep_foundation/.scratch_build/wprep006/tests/archive
"oep_repository_exporter_tests" start time: Aug 01 14:48 CDT
Output:
----------------------------------------------------------
All repository exporter tests passed.
<end of output>
Test time =   0.03 sec
----------------------------------------------------------
Test Passed.
"oep_repository_exporter_tests" end time: Aug 01 14:48 CDT
"oep_repository_exporter_tests" time elapsed: 00:00:00
----------------------------------------------------------

11/62 Testing: oep_repository_importer_tests
11/62 Test: oep_repository_importer_tests
Command: "/mnt/c/Users/david/OneDrive/Desktop/Projects/platform/oep_foundation/.scratch_build/wprep006/tests/archive/oep_repository_importer_tests"
Directory: /mnt/c/Users/david/OneDrive/Desktop/Projects/platform/oep_foundation/.scratch_build/wprep006/tests/archive
"oep_repository_importer_tests" start time: Aug 01 14:48 CDT
Output:
----------------------------------------------------------
All repository importer tests passed.
<end of output>
Test time =   0.05 sec
----------------------------------------------------------
Test Passed.
"oep_repository_importer_tests" end time: Aug 01 14:48 CDT
"oep_repository_importer_tests" time elapsed: 00:00:00
----------------------------------------------------------

12/62 Testing: oep_repository_template_tests
12/62 Test: oep_repository_template_tests
Command: "/mnt/c/Users/david/OneDrive/Desktop/Projects/platform/oep_foundation/.scratch_build/wprep006/tests/archive/oep_repository_template_tests"
Directory: /mnt/c/Users/david/OneDrive/Desktop/Projects/platform/oep_foundation/.scratch_build/wprep006/tests/archive
"oep_repository_template_tests" start time: Aug 01 14:48 CDT
Output:
----------------------------------------------------------
All repository template tests passed.
<end of output>
Test time =   0.03 sec
----------------------------------------------------------
Test Passed.
"oep_repository_template_tests" end time: Aug 01 14:48 CDT
"oep_repository_template_tests" time elapsed: 00:00:00
----------------------------------------------------------

13/62 Testing: oep_zip_reader_tests
13/62 Test: oep_zip_reader_tests
Command: "/mnt/c/Users/david/OneDrive/Desktop/Projects/platform/oep_foundation/.scratch_build/wprep006/tests/installer/oep_zip_reader_tests"
Directory: /mnt/c/Users/david/OneDrive/Desktop/Projects/platform/oep_foundation/.scratch_build/wprep006/tests/installer
"oep_zip_reader_tests" start time: Aug 01 14:48 CDT
Output:
----------------------------------------------------------
All ZipReader tests passed.
<end of output>
Test time =   0.01 sec
----------------------------------------------------------
Test Passed.
"oep_zip_reader_tests" end time: Aug 01 14:48 CDT
"oep_zip_reader_tests" time elapsed: 00:00:00
----------------------------------------------------------

14/62 Testing: oep_package_manifest_tests
14/62 Test: oep_package_manifest_tests
Command: "/mnt/c/Users/david/OneDrive/Desktop/Projects/platform/oep_foundation/.scratch_build/wprep006/tests/installer/oep_package_manifest_tests"
Directory: /mnt/c/Users/david/OneDrive/Desktop/Projects/platform/oep_foundation/.scratch_build/wprep006/tests/installer
"oep_package_manifest_tests" start time: Aug 01 14:48 CDT
Output:
----------------------------------------------------------
All OepPackageManifest tests passed.
<end of output>
Test time =   0.01 sec
----------------------------------------------------------
Test Passed.
"oep_package_manifest_tests" end time: Aug 01 14:48 CDT
"oep_package_manifest_tests" time elapsed: 00:00:00
----------------------------------------------------------

15/62 Testing: oep_sha256_tests
15/62 Test: oep_sha256_tests
Command: "/mnt/c/Users/david/OneDrive/Desktop/Projects/platform/oep_foundation/.scratch_build/wprep006/tests/installer/oep_sha256_tests"
Directory: /mnt/c/Users/david/OneDrive/Desktop/Projects/platform/oep_foundation/.scratch_build/wprep006/tests/installer
"oep_sha256_tests" start time: Aug 01 14:48 CDT
Output:
----------------------------------------------------------
All sha256 tests passed.
<end of output>
Test time =   0.01 sec
----------------------------------------------------------
Test Passed.
"oep_sha256_tests" end time: Aug 01 14:48 CDT
"oep_sha256_tests" time elapsed: 00:00:00
----------------------------------------------------------

16/62 Testing: oep_sha512_tests
16/62 Test: oep_sha512_tests
Command: "/mnt/c/Users/david/OneDrive/Desktop/Projects/platform/oep_foundation/.scratch_build/wprep006/tests/installer/oep_sha512_tests"
Directory: /mnt/c/Users/david/OneDrive/Desktop/Projects/platform/oep_foundation/.scratch_build/wprep006/tests/installer
"oep_sha512_tests" start time: Aug 01 14:48 CDT
Output:
----------------------------------------------------------
All sha512 tests passed.
<end of output>
Test time =   0.01 sec
----------------------------------------------------------
Test Passed.
"oep_sha512_tests" end time: Aug 01 14:48 CDT
"oep_sha512_tests" time elapsed: 00:00:00
----------------------------------------------------------

17/62 Testing: oep_ed25519_tests
17/62 Test: oep_ed25519_tests
Command: "/mnt/c/Users/david/OneDrive/Desktop/Projects/platform/oep_foundation/.scratch_build/wprep006/tests/installer/oep_ed25519_tests"
Directory: /mnt/c/Users/david/OneDrive/Desktop/Projects/platform/oep_foundation/.scratch_build/wprep006/tests/installer
"oep_ed25519_tests" start time: Aug 01 14:48 CDT
Output:
----------------------------------------------------------
All ed25519 tests passed.
<end of output>
Test time =   0.07 sec
----------------------------------------------------------
Test Passed.
"oep_ed25519_tests" end time: Aug 01 14:48 CDT
"oep_ed25519_tests" time elapsed: 00:00:00
----------------------------------------------------------

18/62 Testing: oep_trust_store_tests
18/62 Test: oep_trust_store_tests
Command: "/mnt/c/Users/david/OneDrive/Desktop/Projects/platform/oep_foundation/.scratch_build/wprep006/tests/installer/oep_trust_store_tests"
Directory: /mnt/c/Users/david/OneDrive/Desktop/Projects/platform/oep_foundation/.scratch_build/wprep006/tests/installer
"oep_trust_store_tests" start time: Aug 01 14:48 CDT
Output:
----------------------------------------------------------
All TrustStore tests passed.
<end of output>
Test time =   0.02 sec
----------------------------------------------------------
Test Passed.
"oep_trust_store_tests" end time: Aug 01 14:48 CDT
"oep_trust_store_tests" time elapsed: 00:00:00
----------------------------------------------------------

19/62 Testing: oep_package_verifier_tests
19/62 Test: oep_package_verifier_tests
Command: "/mnt/c/Users/david/OneDrive/Desktop/Projects/platform/oep_foundation/.scratch_build/wprep006/tests/installer/oep_package_verifier_tests"
Directory: /mnt/c/Users/david/OneDrive/Desktop/Projects/platform/oep_foundation/.scratch_build/wprep006/tests/installer
"oep_package_verifier_tests" start time: Aug 01 14:48 CDT
Output:
----------------------------------------------------------
All package_verifier tests passed.
<end of output>
Test time =   0.05 sec
----------------------------------------------------------
Test Passed.
"oep_package_verifier_tests" end time: Aug 01 14:48 CDT
"oep_package_verifier_tests" time elapsed: 00:00:00
----------------------------------------------------------

20/62 Testing: oep_repository_registry_tests
20/62 Test: oep_repository_registry_tests
Command: "/mnt/c/Users/david/OneDrive/Desktop/Projects/platform/oep_foundation/.scratch_build/wprep006/tests/installer/oep_repository_registry_tests"
Directory: /mnt/c/Users/david/OneDrive/Desktop/Projects/platform/oep_foundation/.scratch_build/wprep006/tests/installer
"oep_repository_registry_tests" start time: Aug 01 14:48 CDT
Output:
----------------------------------------------------------
All RepositoryRegistry tests passed.
<end of output>
Test time =   0.02 sec
----------------------------------------------------------
Test Passed.
"oep_repository_registry_tests" end time: Aug 01 14:48 CDT
"oep_repository_registry_tests" time elapsed: 00:00:00
----------------------------------------------------------

21/62 Testing: oep_package_installer_tests
21/62 Test: oep_package_installer_tests
Command: "/mnt/c/Users/david/OneDrive/Desktop/Projects/platform/oep_foundation/.scratch_build/wprep006/tests/installer/oep_package_installer_tests"
Directory: /mnt/c/Users/david/OneDrive/Desktop/Projects/platform/oep_foundation/.scratch_build/wprep006/tests/installer
"oep_package_installer_tests" start time: Aug 01 14:48 CDT
Output:
----------------------------------------------------------
All package_installer tests passed.
<end of output>
Test time =   0.02 sec
----------------------------------------------------------
Test Passed.
"oep_package_installer_tests" end time: Aug 01 14:48 CDT
"oep_package_installer_tests" time elapsed: 00:00:00
----------------------------------------------------------

22/62 Testing: oep_version_constraint_tests
22/62 Test: oep_version_constraint_tests
Command: "/mnt/c/Users/david/OneDrive/Desktop/Projects/platform/oep_foundation/.scratch_build/wprep006/tests/installer/oep_version_constraint_tests"
Directory: /mnt/c/Users/david/OneDrive/Desktop/Projects/platform/oep_foundation/.scratch_build/wprep006/tests/installer
"oep_version_constraint_tests" start time: Aug 01 14:48 CDT
Output:
----------------------------------------------------------
All version_constraint tests passed.
<end of output>
Test time =   0.01 sec
----------------------------------------------------------
Test Passed.
"oep_version_constraint_tests" end time: Aug 01 14:48 CDT
"oep_version_constraint_tests" time elapsed: 00:00:00
----------------------------------------------------------

23/62 Testing: oep_dependency_resolver_tests
23/62 Test: oep_dependency_resolver_tests
Command: "/mnt/c/Users/david/OneDrive/Desktop/Projects/platform/oep_foundation/.scratch_build/wprep006/tests/installer/oep_dependency_resolver_tests"
Directory: /mnt/c/Users/david/OneDrive/Desktop/Projects/platform/oep_foundation/.scratch_build/wprep006/tests/installer
"oep_dependency_resolver_tests" start time: Aug 01 14:48 CDT
Output:
----------------------------------------------------------
All dependency_resolver tests passed.
<end of output>
Test time =   0.01 sec
----------------------------------------------------------
Test Passed.
"oep_dependency_resolver_tests" end time: Aug 01 14:48 CDT
"oep_dependency_resolver_tests" time elapsed: 00:00:00
----------------------------------------------------------

24/62 Testing: oep_foundation_runtime_tests
24/62 Test: oep_foundation_runtime_tests
Command: "/mnt/c/Users/david/OneDrive/Desktop/Projects/platform/oep_foundation/.scratch_build/wprep006/tests/runtime/oep_foundation_runtime_tests"
Directory: /mnt/c/Users/david/OneDrive/Desktop/Projects/platform/oep_foundation/.scratch_build/wprep006/tests/runtime
"oep_foundation_runtime_tests" start time: Aug 01 14:48 CDT
Output:
----------------------------------------------------------
All foundation runtime tests passed.
<end of output>
Test time =   0.03 sec
----------------------------------------------------------
Test Passed.
"oep_foundation_runtime_tests" end time: Aug 01 14:48 CDT
"oep_foundation_runtime_tests" time elapsed: 00:00:00
----------------------------------------------------------

25/62 Testing: oep_package_installation_tests
25/62 Test: oep_package_installation_tests
Command: "/mnt/c/Users/david/OneDrive/Desktop/Projects/platform/oep_foundation/.scratch_build/wprep006/tests/runtime/oep_package_installation_tests"
Directory: /mnt/c/Users/david/OneDrive/Desktop/Projects/platform/oep_foundation/.scratch_build/wprep006/tests/runtime
"oep_package_installation_tests" start time: Aug 01 14:48 CDT
Output:
----------------------------------------------------------
All package installation (FoundationRuntime) tests passed.
<end of output>
Test time =   0.08 sec
----------------------------------------------------------
Test Passed.
"oep_package_installation_tests" end time: Aug 01 14:48 CDT
"oep_package_installation_tests" time elapsed: 00:00:00
----------------------------------------------------------

26/62 Testing: oep_transaction_journal_tests
26/62 Test: oep_transaction_journal_tests
Command: "/mnt/c/Users/david/OneDrive/Desktop/Projects/platform/oep_foundation/.scratch_build/wprep006/tests/runtime/oep_transaction_journal_tests"
Directory: /mnt/c/Users/david/OneDrive/Desktop/Projects/platform/oep_foundation/.scratch_build/wprep006/tests/runtime
"oep_transaction_journal_tests" start time: Aug 01 14:48 CDT
Output:
----------------------------------------------------------
All TransactionJournal tests passed.
<end of output>
Test time =   0.01 sec
----------------------------------------------------------
Test Passed.
"oep_transaction_journal_tests" end time: Aug 01 14:48 CDT
"oep_transaction_journal_tests" time elapsed: 00:00:00
----------------------------------------------------------

27/62 Testing: oep_trust_integration_tests
27/62 Test: oep_trust_integration_tests
Command: "/mnt/c/Users/david/OneDrive/Desktop/Projects/platform/oep_foundation/.scratch_build/wprep006/tests/runtime/oep_trust_integration_tests"
Directory: /mnt/c/Users/david/OneDrive/Desktop/Projects/platform/oep_foundation/.scratch_build/wprep006/tests/runtime
"oep_trust_integration_tests" start time: Aug 01 14:48 CDT
Output:
----------------------------------------------------------
All trust integration (FoundationRuntime) tests passed.
<end of output>
Test time =   0.06 sec
----------------------------------------------------------
Test Passed.
"oep_trust_integration_tests" end time: Aug 01 14:48 CDT
"oep_trust_integration_tests" time elapsed: 00:00:00
----------------------------------------------------------

28/62 Testing: oep_dependency_resolution_integration_tests
28/62 Test: oep_dependency_resolution_integration_tests
Command: "/mnt/c/Users/david/OneDrive/Desktop/Projects/platform/oep_foundation/.scratch_build/wprep006/tests/runtime/oep_dependency_resolution_integration_tests"
Directory: /mnt/c/Users/david/OneDrive/Desktop/Projects/platform/oep_foundation/.scratch_build/wprep006/tests/runtime
"oep_dependency_resolution_integration_tests" start time: Aug 01 14:48 CDT
Output:
----------------------------------------------------------
All dependency resolution integration (FoundationRuntime) tests passed.
<end of output>
Test time =   0.06 sec
----------------------------------------------------------
Test Passed.
"oep_dependency_resolution_integration_tests" end time: Aug 01 14:48 CDT
"oep_dependency_resolution_integration_tests" time elapsed: 00:00:00
----------------------------------------------------------

29/62 Testing: oep_runtime_service_tests
29/62 Test: oep_runtime_service_tests
Command: "/mnt/c/Users/david/OneDrive/Desktop/Projects/platform/oep_foundation/.scratch_build/wprep006/tests/runtime/oep_runtime_service_tests"
Directory: /mnt/c/Users/david/OneDrive/Desktop/Projects/platform/oep_foundation/.scratch_build/wprep006/tests/runtime
"oep_runtime_service_tests" start time: Aug 01 14:48 CDT
Output:
----------------------------------------------------------
All runtime_service tests passed.
<end of output>
Test time =   0.07 sec
----------------------------------------------------------
Test Passed.
"oep_runtime_service_tests" end time: Aug 01 14:48 CDT
"oep_runtime_service_tests" time elapsed: 00:00:00
----------------------------------------------------------

30/62 Testing: oep_package_lifecycle_integration_tests
30/62 Test: oep_package_lifecycle_integration_tests
Command: "/mnt/c/Users/david/OneDrive/Desktop/Projects/platform/oep_foundation/.scratch_build/wprep006/tests/runtime/oep_package_lifecycle_integration_tests"
Directory: /mnt/c/Users/david/OneDrive/Desktop/Projects/platform/oep_foundation/.scratch_build/wprep006/tests/runtime
"oep_package_lifecycle_integration_tests" start time: Aug 01 14:48 CDT
Output:
----------------------------------------------------------
All package_lifecycle integration tests passed.
<end of output>
Test time =   0.08 sec
----------------------------------------------------------
Test Passed.
"oep_package_lifecycle_integration_tests" end time: Aug 01 14:48 CDT
"oep_package_lifecycle_integration_tests" time elapsed: 00:00:00
----------------------------------------------------------

31/62 Testing: oep_merge_engine_integration_tests
31/62 Test: oep_merge_engine_integration_tests
Command: "/mnt/c/Users/david/OneDrive/Desktop/Projects/platform/oep_foundation/.scratch_build/wprep006/tests/runtime/oep_merge_engine_integration_tests"
Directory: /mnt/c/Users/david/OneDrive/Desktop/Projects/platform/oep_foundation/.scratch_build/wprep006/tests/runtime
"oep_merge_engine_integration_tests" start time: Aug 01 14:48 CDT
Output:
----------------------------------------------------------
All merge_engine integration tests passed.
<end of output>
Test time =   0.07 sec
----------------------------------------------------------
Test Passed.
"oep_merge_engine_integration_tests" end time: Aug 01 14:48 CDT
"oep_merge_engine_integration_tests" time elapsed: 00:00:00
----------------------------------------------------------

32/62 Testing: oep_runtime_graph_tests
32/62 Test: oep_runtime_graph_tests
Command: "/mnt/c/Users/david/OneDrive/Desktop/Projects/platform/oep_foundation/.scratch_build/wprep006/tests/engine/oep_runtime_graph_tests"
Directory: /mnt/c/Users/david/OneDrive/Desktop/Projects/platform/oep_foundation/.scratch_build/wprep006/tests/engine
"oep_runtime_graph_tests" start time: Aug 01 14:48 CDT
Output:
----------------------------------------------------------
All runtime_graph tests passed.
<end of output>
Test time =   0.01 sec
----------------------------------------------------------
Test Passed.
"oep_runtime_graph_tests" end time: Aug 01 14:48 CDT
"oep_runtime_graph_tests" time elapsed: 00:00:00
----------------------------------------------------------

33/62 Testing: oep_engineering_context_integration_tests
33/62 Test: oep_engineering_context_integration_tests
Command: "/mnt/c/Users/david/OneDrive/Desktop/Projects/platform/oep_foundation/.scratch_build/wprep006/tests/engine/oep_engineering_context_integration_tests"
Directory: /mnt/c/Users/david/OneDrive/Desktop/Projects/platform/oep_foundation/.scratch_build/wprep006/tests/engine
"oep_engineering_context_integration_tests" start time: Aug 01 14:48 CDT
Output:
----------------------------------------------------------
All engineering_context integration tests passed.
<end of output>
Test time =   0.04 sec
----------------------------------------------------------
Test Passed.
"oep_engineering_context_integration_tests" end time: Aug 01 14:48 CDT
"oep_engineering_context_integration_tests" time elapsed: 00:00:00
----------------------------------------------------------

34/62 Testing: oep_knowledge_graph_engine_tests
34/62 Test: oep_knowledge_graph_engine_tests
Command: "/mnt/c/Users/david/OneDrive/Desktop/Projects/platform/oep_foundation/.scratch_build/wprep006/tests/engine/oep_knowledge_graph_engine_tests"
Directory: /mnt/c/Users/david/OneDrive/Desktop/Projects/platform/oep_foundation/.scratch_build/wprep006/tests/engine
"oep_knowledge_graph_engine_tests" start time: Aug 01 14:48 CDT
Output:
----------------------------------------------------------
All knowledge_graph_engine tests passed.
<end of output>
Test time =   0.04 sec
----------------------------------------------------------
Test Passed.
"oep_knowledge_graph_engine_tests" end time: Aug 01 14:48 CDT
"oep_knowledge_graph_engine_tests" time elapsed: 00:00:00
----------------------------------------------------------

35/62 Testing: oep_engineering_query_engine_tests
35/62 Test: oep_engineering_query_engine_tests
Command: "/mnt/c/Users/david/OneDrive/Desktop/Projects/platform/oep_foundation/.scratch_build/wprep006/tests/engine/oep_engineering_query_engine_tests"
Directory: /mnt/c/Users/david/OneDrive/Desktop/Projects/platform/oep_foundation/.scratch_build/wprep006/tests/engine
"oep_engineering_query_engine_tests" start time: Aug 01 14:48 CDT
Output:
----------------------------------------------------------
All engineering_query_engine tests passed.
<end of output>
Test time =   0.11 sec
----------------------------------------------------------
Test Passed.
"oep_engineering_query_engine_tests" end time: Aug 01 14:48 CDT
"oep_engineering_query_engine_tests" time elapsed: 00:00:00
----------------------------------------------------------

36/62 Testing: oep_rules_engine_tests
36/62 Test: oep_rules_engine_tests
Command: "/mnt/c/Users/david/OneDrive/Desktop/Projects/platform/oep_foundation/.scratch_build/wprep006/tests/engine/oep_rules_engine_tests"
Directory: /mnt/c/Users/david/OneDrive/Desktop/Projects/platform/oep_foundation/.scratch_build/wprep006/tests/engine
"oep_rules_engine_tests" start time: Aug 01 14:48 CDT
Output:
----------------------------------------------------------
All rules_engine tests passed.
<end of output>
Test time =   0.07 sec
----------------------------------------------------------
Test Passed.
"oep_rules_engine_tests" end time: Aug 01 14:48 CDT
"oep_rules_engine_tests" time elapsed: 00:00:00
----------------------------------------------------------

37/62 Testing: oep_validation_engine_tests
37/62 Test: oep_validation_engine_tests
Command: "/mnt/c/Users/david/OneDrive/Desktop/Projects/platform/oep_foundation/.scratch_build/wprep006/tests/engine/oep_validation_engine_tests"
Directory: /mnt/c/Users/david/OneDrive/Desktop/Projects/platform/oep_foundation/.scratch_build/wprep006/tests/engine
"oep_validation_engine_tests" start time: Aug 01 14:48 CDT
Output:
----------------------------------------------------------
All validation_engine tests passed.
<end of output>
Test time =   0.06 sec
----------------------------------------------------------
Test Passed.
"oep_validation_engine_tests" end time: Aug 01 14:48 CDT
"oep_validation_engine_tests" time elapsed: 00:00:00
----------------------------------------------------------

38/62 Testing: oep_reasoning_engine_tests
38/62 Test: oep_reasoning_engine_tests
Command: "/mnt/c/Users/david/OneDrive/Desktop/Projects/platform/oep_foundation/.scratch_build/wprep006/tests/engine/oep_reasoning_engine_tests"
Directory: /mnt/c/Users/david/OneDrive/Desktop/Projects/platform/oep_foundation/.scratch_build/wprep006/tests/engine
"oep_reasoning_engine_tests" start time: Aug 01 14:48 CDT
Output:
----------------------------------------------------------
All reasoning_engine tests passed.
<end of output>
Test time =   0.07 sec
----------------------------------------------------------
Test Passed.
"oep_reasoning_engine_tests" end time: Aug 01 14:48 CDT
"oep_reasoning_engine_tests" time elapsed: 00:00:00
----------------------------------------------------------

39/62 Testing: oep_engineering_intelligence_platform_tests
39/62 Test: oep_engineering_intelligence_platform_tests
Command: "/mnt/c/Users/david/OneDrive/Desktop/Projects/platform/oep_foundation/.scratch_build/wprep006/tests/engine/oep_engineering_intelligence_platform_tests"
Directory: /mnt/c/Users/david/OneDrive/Desktop/Projects/platform/oep_foundation/.scratch_build/wprep006/tests/engine
"oep_engineering_intelligence_platform_tests" start time: Aug 01 14:48 CDT
Output:
----------------------------------------------------------
All engineering_intelligence_platform tests passed.
<end of output>
Test time =   0.07 sec
----------------------------------------------------------
Test Passed.
"oep_engineering_intelligence_platform_tests" end time: Aug 01 14:48 CDT
"oep_engineering_intelligence_platform_tests" time elapsed: 00:00:00
----------------------------------------------------------

40/62 Testing: oep_end_to_end_workflow_tests
40/62 Test: oep_end_to_end_workflow_tests
Command: "/mnt/c/Users/david/OneDrive/Desktop/Projects/platform/oep_foundation/.scratch_build/wprep006/tests/engine/oep_end_to_end_workflow_tests"
Directory: /mnt/c/Users/david/OneDrive/Desktop/Projects/platform/oep_foundation/.scratch_build/wprep006/tests/engine
"oep_end_to_end_workflow_tests" start time: Aug 01 14:48 CDT
Output:
----------------------------------------------------------
  (end-to-end pipeline completed in 30.2652 ms)
All end_to_end_workflow tests passed.
<end of output>
Test time =   0.08 sec
----------------------------------------------------------
Test Passed.
"oep_end_to_end_workflow_tests" end time: Aug 01 14:48 CDT
"oep_end_to_end_workflow_tests" time elapsed: 00:00:00
----------------------------------------------------------

41/62 Testing: oep_api_tests
41/62 Test: oep_api_tests
Command: "/mnt/c/Users/david/OneDrive/Desktop/Projects/platform/oep_foundation/.scratch_build/wprep006/tests/api/oep_api_tests"
Directory: /mnt/c/Users/david/OneDrive/Desktop/Projects/platform/oep_foundation/.scratch_build/wprep006/tests/api
"oep_api_tests" start time: Aug 01 14:48 CDT
Output:
----------------------------------------------------------
All Public C API tests passed.
<end of output>
Test time =   0.38 sec
----------------------------------------------------------
Test Passed.
"oep_api_tests" end time: Aug 01 14:48 CDT
"oep_api_tests" time elapsed: 00:00:00
----------------------------------------------------------

42/62 Testing: oep_cli_commands_tests
42/62 Test: oep_cli_commands_tests
Command: "/mnt/c/Users/david/OneDrive/Desktop/Projects/platform/oep_foundation/.scratch_build/wprep006/tests/cli/oep_cli_commands_tests"
Directory: /mnt/c/Users/david/OneDrive/Desktop/Projects/platform/oep_foundation/.scratch_build/wprep006/tests/cli
"oep_cli_commands_tests" start time: Aug 01 14:48 CDT
Output:
----------------------------------------------------------
All CLI command tests passed.
<end of output>
Test time =   0.05 sec
----------------------------------------------------------
Test Passed.
"oep_cli_commands_tests" end time: Aug 01 14:48 CDT
"oep_cli_commands_tests" time elapsed: 00:00:00
----------------------------------------------------------

43/62 Testing: oep_object_command_tests
43/62 Test: oep_object_command_tests
Command: "/mnt/c/Users/david/OneDrive/Desktop/Projects/platform/oep_foundation/.scratch_build/wprep006/tests/cli/oep_object_command_tests"
Directory: /mnt/c/Users/david/OneDrive/Desktop/Projects/platform/oep_foundation/.scratch_build/wprep006/tests/cli
"oep_object_command_tests" start time: Aug 01 14:48 CDT
Output:
----------------------------------------------------------
Deleted object '621238cb-2171-45a0-85d0-2d3696c3e896'
All object command tests passed.
<end of output>
Test time =   0.05 sec
----------------------------------------------------------
Test Passed.
"oep_object_command_tests" end time: Aug 01 14:48 CDT
"oep_object_command_tests" time elapsed: 00:00:00
----------------------------------------------------------

44/62 Testing: oep_relationship_command_tests
44/62 Test: oep_relationship_command_tests
Command: "/mnt/c/Users/david/OneDrive/Desktop/Projects/platform/oep_foundation/.scratch_build/wprep006/tests/cli/oep_relationship_command_tests"
Directory: /mnt/c/Users/david/OneDrive/Desktop/Projects/platform/oep_foundation/.scratch_build/wprep006/tests/cli
"oep_relationship_command_tests" start time: Aug 01 14:48 CDT
Output:
----------------------------------------------------------
Deleted relationship '5ed52ac6-3d5a-44b0-811c-3457da4cd52b'
All relationship command tests passed.
<end of output>
Test time =   0.07 sec
----------------------------------------------------------
Test Passed.
"oep_relationship_command_tests" end time: Aug 01 14:48 CDT
"oep_relationship_command_tests" time elapsed: 00:00:00
----------------------------------------------------------

45/62 Testing: oep_search_command_tests
45/62 Test: oep_search_command_tests
Command: "/mnt/c/Users/david/OneDrive/Desktop/Projects/platform/oep_foundation/.scratch_build/wprep006/tests/cli/oep_search_command_tests"
Directory: /mnt/c/Users/david/OneDrive/Desktop/Projects/platform/oep_foundation/.scratch_build/wprep006/tests/cli
"oep_search_command_tests" start time: Aug 01 14:48 CDT
Output:
----------------------------------------------------------
All search command tests passed.
<end of output>
Test time =   0.08 sec
----------------------------------------------------------
Test Passed.
"oep_search_command_tests" end time: Aug 01 14:48 CDT
"oep_search_command_tests" time elapsed: 00:00:00
----------------------------------------------------------

46/62 Testing: oep_graph_command_tests
46/62 Test: oep_graph_command_tests
Command: "/mnt/c/Users/david/OneDrive/Desktop/Projects/platform/oep_foundation/.scratch_build/wprep006/tests/cli/oep_graph_command_tests"
Directory: /mnt/c/Users/david/OneDrive/Desktop/Projects/platform/oep_foundation/.scratch_build/wprep006/tests/cli
"oep_graph_command_tests" start time: Aug 01 14:48 CDT
Output:
----------------------------------------------------------
All graph command tests passed.
<end of output>
Test time =   0.13 sec
----------------------------------------------------------
Test Passed.
"oep_graph_command_tests" end time: Aug 01 14:48 CDT
"oep_graph_command_tests" time elapsed: 00:00:00
----------------------------------------------------------

47/62 Testing: oep_export_command_tests
47/62 Test: oep_export_command_tests
Command: "/mnt/c/Users/david/OneDrive/Desktop/Projects/platform/oep_foundation/.scratch_build/wprep006/tests/cli/oep_export_command_tests"
Directory: /mnt/c/Users/david/OneDrive/Desktop/Projects/platform/oep_foundation/.scratch_build/wprep006/tests/cli
"oep_export_command_tests" start time: Aug 01 14:48 CDT
Output:
----------------------------------------------------------
All export command tests passed.
<end of output>
Test time =   0.06 sec
----------------------------------------------------------
Test Passed.
"oep_export_command_tests" end time: Aug 01 14:48 CDT
"oep_export_command_tests" time elapsed: 00:00:00
----------------------------------------------------------

48/62 Testing: oep_import_command_tests
48/62 Test: oep_import_command_tests
Command: "/mnt/c/Users/david/OneDrive/Desktop/Projects/platform/oep_foundation/.scratch_build/wprep006/tests/cli/oep_import_command_tests"
Directory: /mnt/c/Users/david/OneDrive/Desktop/Projects/platform/oep_foundation/.scratch_build/wprep006/tests/cli
"oep_import_command_tests" start time: Aug 01 14:48 CDT
Output:
----------------------------------------------------------
Exported repository to '/tmp/oep_import_command_tests/roundtrip.json'
  Objects:       1
  Relationships: 0
  Packages:      0
Exported repository to '/tmp/oep_import_command_tests/overwrite.json'
  Objects:       0
  Relationships: 0
  Packages:      0
Imported repository to '/tmp/oep_import_command_tests/overwrite-destination'
  Objects:       0
  Relationships: 0
  Packages:      0
Imported repository to '/tmp/oep_import_command_tests/overwrite-destination'
  Objects:       0
  Relationships: 0
  Packages:      0
All import command tests passed.
<end of output>
Test time =   0.04 sec
----------------------------------------------------------
Test Passed.
"oep_import_command_tests" end time: Aug 01 14:48 CDT
"oep_import_command_tests" time elapsed: 00:00:00
----------------------------------------------------------

49/62 Testing: oep_template_command_tests
49/62 Test: oep_template_command_tests
Command: "/mnt/c/Users/david/OneDrive/Desktop/Projects/platform/oep_foundation/.scratch_build/wprep006/tests/cli/oep_template_command_tests"
Directory: /mnt/c/Users/david/OneDrive/Desktop/Projects/platform/oep_foundation/.scratch_build/wprep006/tests/cli
"oep_template_command_tests" start time: Aug 01 14:48 CDT
Output:
----------------------------------------------------------
All template command tests passed.
<end of output>
Test time =   0.04 sec
----------------------------------------------------------
Test Passed.
"oep_template_command_tests" end time: Aug 01 14:48 CDT
"oep_template_command_tests" time elapsed: 00:00:00
----------------------------------------------------------

50/62 Testing: oep_batch_command_tests
50/62 Test: oep_batch_command_tests
Command: "/mnt/c/Users/david/OneDrive/Desktop/Projects/platform/oep_foundation/.scratch_build/wprep006/tests/cli/oep_batch_command_tests"
Directory: /mnt/c/Users/david/OneDrive/Desktop/Projects/platform/oep_foundation/.scratch_build/wprep006/tests/cli
"oep_batch_command_tests" start time: Aug 01 14:48 CDT
Output:
----------------------------------------------------------
All batch command tests passed.
<end of output>
Test time =   0.05 sec
----------------------------------------------------------
Test Passed.
"oep_batch_command_tests" end time: Aug 01 14:48 CDT
"oep_batch_command_tests" time elapsed: 00:00:00
----------------------------------------------------------

51/62 Testing: oep_package_command_tests
51/62 Test: oep_package_command_tests
Command: "/mnt/c/Users/david/OneDrive/Desktop/Projects/platform/oep_foundation/.scratch_build/wprep006/tests/cli/oep_package_command_tests"
Directory: /mnt/c/Users/david/OneDrive/Desktop/Projects/platform/oep_foundation/.scratch_build/wprep006/tests/cli
"oep_package_command_tests" start time: Aug 01 14:48 CDT
Output:
----------------------------------------------------------
  error: required dependency 'com.oep.demo.cli-does-not-exist' is not installed
All package command tests passed.
<end of output>
Test time =   0.13 sec
----------------------------------------------------------
Test Passed.
"oep_package_command_tests" end time: Aug 01 14:48 CDT
"oep_package_command_tests" time elapsed: 00:00:00
----------------------------------------------------------

52/62 Testing: oep_transaction_command_tests
52/62 Test: oep_transaction_command_tests
Command: "/mnt/c/Users/david/OneDrive/Desktop/Projects/platform/oep_foundation/.scratch_build/wprep006/tests/cli/oep_transaction_command_tests"
Directory: /mnt/c/Users/david/OneDrive/Desktop/Projects/platform/oep_foundation/.scratch_build/wprep006/tests/cli
"oep_transaction_command_tests" start time: Aug 01 14:48 CDT
Output:
----------------------------------------------------------
All transaction command tests passed.
<end of output>
Test time =   0.04 sec
----------------------------------------------------------
Test Passed.
"oep_transaction_command_tests" end time: Aug 01 14:48 CDT
"oep_transaction_command_tests" time elapsed: 00:00:00
----------------------------------------------------------

53/62 Testing: oep_trust_command_tests
53/62 Test: oep_trust_command_tests
Command: "/mnt/c/Users/david/OneDrive/Desktop/Projects/platform/oep_foundation/.scratch_build/wprep006/tests/cli/oep_trust_command_tests"
Directory: /mnt/c/Users/david/OneDrive/Desktop/Projects/platform/oep_foundation/.scratch_build/wprep006/tests/cli
"oep_trust_command_tests" start time: Aug 01 14:48 CDT
Output:
----------------------------------------------------------
All trust command tests passed.
<end of output>
Test time =   0.04 sec
----------------------------------------------------------
Test Passed.
"oep_trust_command_tests" end time: Aug 01 14:48 CDT
"oep_trust_command_tests" time elapsed: 00:00:00
----------------------------------------------------------

54/62 Testing: oep_runtime_command_tests
54/62 Test: oep_runtime_command_tests
Command: "/mnt/c/Users/david/OneDrive/Desktop/Projects/platform/oep_foundation/.scratch_build/wprep006/tests/cli/oep_runtime_command_tests"
Directory: /mnt/c/Users/david/OneDrive/Desktop/Projects/platform/oep_foundation/.scratch_build/wprep006/tests/cli
"oep_runtime_command_tests" start time: Aug 01 14:48 CDT
Output:
----------------------------------------------------------
All runtime command tests passed.
<end of output>
Test time =   0.04 sec
----------------------------------------------------------
Test Passed.
"oep_runtime_command_tests" end time: Aug 01 14:48 CDT
"oep_runtime_command_tests" time elapsed: 00:00:00
----------------------------------------------------------

55/62 Testing: oep_engine_command_tests
55/62 Test: oep_engine_command_tests
Command: "/mnt/c/Users/david/OneDrive/Desktop/Projects/platform/oep_foundation/.scratch_build/wprep006/tests/cli/oep_engine_command_tests"
Directory: /mnt/c/Users/david/OneDrive/Desktop/Projects/platform/oep_foundation/.scratch_build/wprep006/tests/cli
"oep_engine_command_tests" start time: Aug 01 14:48 CDT
Output:
----------------------------------------------------------
All engine command tests passed.
<end of output>
Test time =   0.38 sec
----------------------------------------------------------
Test Passed.
"oep_engine_command_tests" end time: Aug 01 14:48 CDT
"oep_engine_command_tests" time elapsed: 00:00:00
----------------------------------------------------------

56/62 Testing: oep_rules_command_tests
56/62 Test: oep_rules_command_tests
Command: "/mnt/c/Users/david/OneDrive/Desktop/Projects/platform/oep_foundation/.scratch_build/wprep006/tests/cli/oep_rules_command_tests"
Directory: /mnt/c/Users/david/OneDrive/Desktop/Projects/platform/oep_foundation/.scratch_build/wprep006/tests/cli
"oep_rules_command_tests" start time: Aug 01 14:48 CDT
Output:
----------------------------------------------------------
All rules command tests passed.
<end of output>
Test time =   0.08 sec
----------------------------------------------------------
Test Passed.
"oep_rules_command_tests" end time: Aug 01 14:48 CDT
"oep_rules_command_tests" time elapsed: 00:00:00
----------------------------------------------------------

57/62 Testing: oep_evalidate_command_tests
57/62 Test: oep_evalidate_command_tests
Command: "/mnt/c/Users/david/OneDrive/Desktop/Projects/platform/oep_foundation/.scratch_build/wprep006/tests/cli/oep_evalidate_command_tests"
Directory: /mnt/c/Users/david/OneDrive/Desktop/Projects/platform/oep_foundation/.scratch_build/wprep006/tests/cli
"oep_evalidate_command_tests" start time: Aug 01 14:48 CDT
Output:
----------------------------------------------------------
All evalidate command tests passed.
<end of output>
Test time =   0.06 sec
----------------------------------------------------------
Test Passed.
"oep_evalidate_command_tests" end time: Aug 01 14:48 CDT
"oep_evalidate_command_tests" time elapsed: 00:00:00
----------------------------------------------------------

58/62 Testing: oep_analysis_command_tests
58/62 Test: oep_analysis_command_tests
Command: "/mnt/c/Users/david/OneDrive/Desktop/Projects/platform/oep_foundation/.scratch_build/wprep006/tests/cli/oep_analysis_command_tests"
Directory: /mnt/c/Users/david/OneDrive/Desktop/Projects/platform/oep_foundation/.scratch_build/wprep006/tests/cli
"oep_analysis_command_tests" start time: Aug 01 14:48 CDT
Output:
----------------------------------------------------------
All analysis command tests passed.
<end of output>
Test time =   0.05 sec
----------------------------------------------------------
Test Passed.
"oep_analysis_command_tests" end time: Aug 01 14:48 CDT
"oep_analysis_command_tests" time elapsed: 00:00:00
----------------------------------------------------------

59/62 Testing: oep_reasoning_command_tests
59/62 Test: oep_reasoning_command_tests
Command: "/mnt/c/Users/david/OneDrive/Desktop/Projects/platform/oep_foundation/.scratch_build/wprep006/tests/cli/oep_reasoning_command_tests"
Directory: /mnt/c/Users/david/OneDrive/Desktop/Projects/platform/oep_foundation/.scratch_build/wprep006/tests/cli
"oep_reasoning_command_tests" start time: Aug 01 14:48 CDT
Output:
----------------------------------------------------------
All reasoning command tests passed.
<end of output>
Test time =   0.05 sec
----------------------------------------------------------
Test Passed.
"oep_reasoning_command_tests" end time: Aug 01 14:48 CDT
"oep_reasoning_command_tests" time elapsed: 00:00:00
----------------------------------------------------------

60/62 Testing: oep_session_command_tests
60/62 Test: oep_session_command_tests
Command: "/mnt/c/Users/david/OneDrive/Desktop/Projects/platform/oep_foundation/.scratch_build/wprep006/tests/cli/oep_session_command_tests"
Directory: /mnt/c/Users/david/OneDrive/Desktop/Projects/platform/oep_foundation/.scratch_build/wprep006/tests/cli
"oep_session_command_tests" start time: Aug 01 14:48 CDT
Output:
----------------------------------------------------------
All session command tests passed.
<end of output>
Test time =   0.04 sec
----------------------------------------------------------
Test Passed.
"oep_session_command_tests" end time: Aug 01 14:48 CDT
"oep_session_command_tests" time elapsed: 00:00:00
----------------------------------------------------------

61/62 Testing: oep_inspect_command_tests
61/62 Test: oep_inspect_command_tests
Command: "/mnt/c/Users/david/OneDrive/Desktop/Projects/platform/oep_foundation/.scratch_build/wprep006/tests/cli/oep_inspect_command_tests"
Directory: /mnt/c/Users/david/OneDrive/Desktop/Projects/platform/oep_foundation/.scratch_build/wprep006/tests/cli
"oep_inspect_command_tests" start time: Aug 01 14:48 CDT
Output:
----------------------------------------------------------
All inspect/summary/metrics command tests passed.
<end of output>
Test time =   0.06 sec
----------------------------------------------------------
Test Passed.
"oep_inspect_command_tests" end time: Aug 01 14:48 CDT
"oep_inspect_command_tests" time elapsed: 00:00:00
----------------------------------------------------------

62/62 Testing: oep_workflow_command_tests
62/62 Test: oep_workflow_command_tests
Command: "/mnt/c/Users/david/OneDrive/Desktop/Projects/platform/oep_foundation/.scratch_build/wprep006/tests/cli/oep_workflow_command_tests"
Directory: /mnt/c/Users/david/OneDrive/Desktop/Projects/platform/oep_foundation/.scratch_build/wprep006/tests/cli
"oep_workflow_command_tests" start time: Aug 01 14:48 CDT
Output:
----------------------------------------------------------
All workflow command tests passed.
<end of output>
Test time =   0.06 sec
----------------------------------------------------------
Test Passed.
"oep_workflow_command_tests" end time: Aug 01 14:48 CDT
"oep_workflow_command_tests" time elapsed: 00:00:00
----------------------------------------------------------

End testing: Aug 01 14:48 CDT
